This is LuaTeX, Version beta-0.79.1 (TeX Live 2014) (rev 4971)  (format=lualatex 2014.10.24)  23 DEC 2017 15:01
 restricted \write18 enabled.
**cv.tex
(./cv.tex
LaTeX2e <2014/05/01>
Babel <3.9k> and hyphenation patterns for 21 languages loaded.
(/usr/local/texlive/2014basic/texmf-dist/tex/latex/base/article.cls
Document Class: article 2007/10/19 v1.4h Standard LaTeX document class
(/usr/local/texlive/2014basic/texmf-dist/tex/latex/base/size10.clo
File: size10.clo 2007/10/19 v1.4h Standard LaTeX file (size option)
)
\c@part=\count79
\c@section=\count80
\c@subsection=\count81
\c@subsubsection=\count82
\c@paragraph=\count83
\c@subparagraph=\count84
\c@figure=\count85
\c@table=\count86
\abovecaptionskip=\skip41
\belowcaptionskip=\skip42
\bibindent=\dimen102
)
(/usr/local/texlive/2014basic/texmf-dist/tex/latex/fontspec/fontspec.sty
Package: fontspec 2014/06/21 v2.4a Font selection for XeLaTeX and LuaLaTeX

(/usr/local/texlive/2014basic/texmf-dist/tex/latex/l3kernel/expl3.sty
Package: expl3 2014/09/15 v5423 L3 programming layer (loader) 

(/usr/local/texlive/2014basic/texmf-dist/tex/latex/l3kernel/expl3-code.tex
Package: expl3 2014/09/15 v5423 L3 programming layer (code) 
L3 Module: l3bootstrap 2014/08/23 v5354 L3 Bootstrap code

(/usr/local/texlive/2014basic/texmf-dist/tex/latex/etex-pkg/etex.sty
Package: etex 1998/03/26 v2.0 eTeX basic definition package (PEB)
\et@xins=\count87
)
L3 Module: l3names 2014/08/22 v5343 L3 Namespace for primitives
L3 Module: l3basics 2014/08/24 v5364 L3 Basic definitions
L3 Module: l3expan 2014/08/22 v5349 L3 Argument expansion
L3 Module: l3tl 2014/08/24 v5359 L3 Token lists
L3 Module: l3str 2014/08/24 v5368 L3 Strings
L3 Module: l3seq 2014/08/23 v5354 L3 Sequences and stacks
L3 Module: l3int 2014/09/14 v5421 L3 Integers
\c_max_int=\count88
\l_tmpa_int=\count89
\l_tmpb_int=\count90
\g_tmpa_int=\count91
\g_tmpb_int=\count92
L3 Module: l3quark 2014/08/23 v5354 L3 Quarks
L3 Module: l3prg 2014/08/23 v5354 L3 Control structures
\g__prg_map_int=\count93
L3 Module: l3clist 2014/08/23 v5354 L3 Comma separated lists
L3 Module: l3token 2014/09/15 v5422 L3 Experimental token manipulation
L3 Module: l3prop 2014/08/23 v5354 L3 Property lists
L3 Module: l3msg 2014/08/24 v5358 L3 Messages
L3 Module: l3file 2014/08/24 v5369 L3 File and I/O operations
\l_iow_line_count_int=\count94
\l__iow_target_count_int=\count95
\l__iow_current_line_int=\count96
\l__iow_current_word_int=\count97
\l__iow_current_indentation_int=\count98
L3 Module: l3skip 2014/08/23 v5354 L3 Dimensions and skips
\c_zero_dim=\dimen103
\c_max_dim=\dimen104
\l_tmpa_dim=\dimen105
\l_tmpb_dim=\dimen106
\g_tmpa_dim=\dimen107
\g_tmpb_dim=\dimen108
\c_zero_skip=\skip43
\c_max_skip=\skip44
\l_tmpa_skip=\skip45
\l_tmpb_skip=\skip46
\g_tmpa_skip=\skip47
\g_tmpb_skip=\skip48
\c_zero_muskip=\muskip10
\c_max_muskip=\muskip11
\l_tmpa_muskip=\muskip12
\l_tmpb_muskip=\muskip13
\g_tmpa_muskip=\muskip14
\g_tmpb_muskip=\muskip15
L3 Module: l3keys 2014/08/23 v5354 L3 Key-value interfaces
\g__keyval_level_int=\count99
\l_keys_choice_int=\count100
L3 Module: l3fp 2014/08/22 v5336 L3 Floating points
\c__fp_leading_shift_int=\count101
\c__fp_middle_shift_int=\count102
\c__fp_trailing_shift_int=\count103
\c__fp_big_leading_shift_int=\count104
\c__fp_big_middle_shift_int=\count105
\c__fp_big_trailing_shift_int=\count106
\c__fp_Bigg_leading_shift_int=\count107
\c__fp_Bigg_middle_shift_int=\count108
\c__fp_Bigg_trailing_shift_int=\count109
L3 Module: l3box 2014/08/23 v5354 L3 Experimental boxes
\c_empty_box=\box26
\l_tmpa_box=\box27
\l_tmpb_box=\box28
\g_tmpa_box=\box29
\g_tmpb_box=\box30
L3 Module: l3coffins 2014/08/23 v5354 L3 Coffin code layer
\l__coffin_internal_box=\box31
\l__coffin_internal_dim=\dimen109
\l__coffin_offset_x_dim=\dimen110
\l__coffin_offset_y_dim=\dimen111
\l__coffin_x_dim=\dimen112
\l__coffin_y_dim=\dimen113
\l__coffin_x_prime_dim=\dimen114
\l__coffin_y_prime_dim=\dimen115
\c_empty_coffin=\box32
\l__coffin_aligned_coffin=\box33
\l__coffin_aligned_internal_coffin=\box34
\l_tmpa_coffin=\box35
\l_tmpb_coffin=\box36
\l__coffin_display_coffin=\box37
\l__coffin_display_coord_coffin=\box38
\l__coffin_display_pole_coffin=\box39
\l__coffin_display_offset_dim=\dimen116
\l__coffin_display_x_dim=\dimen117
\l__coffin_display_y_dim=\dimen118
L3 Module: l3color 2014/08/23 v5354 L3 Experimental color support
L3 Module: l3candidates 2014/08/24 v5366 L3 Experimental additions to l3kernel
\l__box_top_dim=\dimen119
\l__box_bottom_dim=\dimen120
\l__box_left_dim=\dimen121
\l__box_right_dim=\dimen122
\l__box_top_new_dim=\dimen123
\l__box_bottom_new_dim=\dimen124
\l__box_left_new_dim=\dimen125
\l__box_right_new_dim=\dimen126
\l__box_internal_box=\box40
\l__coffin_bounding_shift_dim=\dimen127
\l__coffin_left_corner_dim=\dimen128
\l__coffin_right_corner_dim=\dimen129
\l__coffin_bottom_corner_dim=\dimen130
\l__coffin_top_corner_dim=\dimen131
\l__coffin_scaled_total_height_dim=\dimen132
\l__coffin_scaled_width_dim=\dimen133
)
(/usr/local/texlive/2014basic/texmf-dist/tex/latex/l3kernel/l3unicode-data.def
File: l3unicode-data.def 2014/08/12 v5276 L3 Unicode data
)
(/usr/local/texlive/2014basic/texmf-dist/tex/latex/l3kernel/l3pdfmode.def
File: l3pdfmode.def 2014/08/24 v5366 L3 Experimental driver: PDF mode
\l__driver_color_stack_int=\count110
))
(/usr/local/texlive/2014basic/texmf-dist/tex/latex/l3packages/xparse/xparse.sty
Package: xparse 2014/09/15 v5423 L3 Experimental document command parser
\l__xparse_current_arg_int=\count111
\l__xparse_m_args_int=\count112
\l__xparse_mandatory_args_int=\count113
\l__xparse_processor_int=\count114
\l__xparse_v_nesting_int=\count115
) (/usr/local/texlive/2014basic/texmf-dist/tex/luatex/luaotfload/luaotfload.sty
Package: luaotfload 2014/08/10 v2.5-4 OpenType layout system
(/usr/local/texlive/2014basic/texmf-dist/tex/luatex/luatexbase/luatexbase.sty
Package: luatexbase 2013/05/11 v0.6 Resource management for the LuaTeX macro pro
grammer

(/usr/local/texlive/2014basic/texmf-dist/tex/generic/oberdiek/ifluatex.sty
Package: ifluatex 2010/03/01 v1.3 Provides the ifluatex switch (HO)
Package ifluatex Info: LuaTeX detected.
)
(/usr/local/texlive/2014basic/texmf-dist/tex/generic/oberdiek/luatex.sty
Package: luatex 2010/03/09 v0.4 LuaTeX basic definition package (HO)

(/usr/local/texlive/2014basic/texmf-dist/tex/generic/oberdiek/infwarerr.sty
Package: infwarerr 2010/04/08 v1.3 Providing info/warning/error messages (HO)
)
\LuT@AllocAttribute=\count277
\LuT@AllocCatcodeTable=\count278
\CatcodeTableStack=\count279
\CatcodeTableIniTeX=\catcodetable1
\CatcodeTableString=\catcodetable3
\CatcodeTableOther=\catcodetable5
\CatcodeTableLaTeX=\catcodetable7

(/usr/local/texlive/2014basic/texmf-dist/tex/generic/oberdiek/luatex-loader.sty
Package: luatex-loader 2010/03/09 v0.4 Lua module loader (HO)
(/usr/local/texlive/2014basic/texmf-dist/scripts/oberdiek/oberdiek.luatex.lua)))

(/usr/local/texlive/2014basic/texmf-dist/tex/luatex/luatexbase/luatexbase-compa
t.sty
Package: luatexbase-compat 2011/05/24 v0.4 Compatibility tools for LuaTeX
)
(/usr/local/texlive/2014basic/texmf-dist/tex/luatex/luatexbase/luatexbase-modut
ils.sty
Package: luatexbase-modutils 2013/05/11 v0.6 Module utilities for LuaTeX

(/usr/local/texlive/2014basic/texmf-dist/tex/luatex/luatexbase/luatexbase-loade
r.sty
Package: luatexbase-loader 2013/05/11 v0.6 Lua module loader for LuaTeX

(/usr/local/texlive/2014basic/texmf-dist/tex/luatex/luatexbase/luatexbase.loader
.lua))
(/usr/local/texlive/2014basic/texmf-dist/tex/luatex/luatexbase/modutils.lua)
Lua module: luatexbase-modutils 2013/05/11 0.6 Module utilities for LuaTeX
)
(/usr/local/texlive/2014basic/texmf-dist/tex/luatex/luatexbase/luatexbase-regs.
sty
Package: luatexbase-regs 2011/05/24 v0.4 Registers allocation for LuaTeX
)
(/usr/local/texlive/2014basic/texmf-dist/tex/luatex/luatexbase/luatexbase-attr.
sty
Package: luatexbase-attr 2013/05/11 v0.6 Attributes allocation for LuaTeX

(/usr/local/texlive/2014basic/texmf-dist/tex/luatex/luatexbase/attr.lua)
Lua module: luatexbase-attr 2013/05/11 0.6 Attributes allocation for LuaTeX
\lltxb@attr@unsetvalue=\count280
)
(/usr/local/texlive/2014basic/texmf-dist/tex/luatex/luatexbase/luatexbase-cctb.
sty
Package: luatexbase-cctb 2013/05/11 v0.6 Catcodetable allocation for LuaTeX

(/usr/local/texlive/2014basic/texmf-dist/tex/luatex/luatexbase/cctb.lua)
Lua module: luatexbase-cctb 2013/05/11 0.6 Catcodetable allocation for LuaTeX
\lltxb@catcodetable@alloc=\count281
\CatcodeTableStack=\count282
\CatcodeTableIniTeX=\luatexcatcodetable1
\CatcodeTableString=\luatexcatcodetable3
\CatcodeTableOther=\luatexcatcodetable5
\CatcodeTableLaTeX=\luatexcatcodetable7
\CatcodeTableLaTeXAtLetter=\luatexcatcodetable9
\CatcodeTableExpl=\luatexcatcodetable11
)
(/usr/local/texlive/2014basic/texmf-dist/tex/luatex/luatexbase/luatexbase-mcb.s
ty
Package: luatexbase-mcb 2013/05/11 v0.6 Callback management for LuaTeX

(/usr/local/texlive/2014basic/texmf-dist/tex/luatex/luatexbase/mcb.lua)
Lua module: luatexbase-mcb 2013/05/11 0.6 register several functions in a callba
ck
))
(/usr/local/texlive/2014basic/texmf-dist/tex/luatex/luaotfload/luaotfload-main.l
ua)
Lua module: luaotfload-main 2014/08/10 2.50003 OpenType layout system.

(/usr/local/texlive/2014basic/texmf-dist/tex/luatex/luaotfload/luaotfload-log.lu
a)
(/usr/local/texlive/2014basic/texmf-dist/tex/luatex/luaotfload/luaotfload-fontlo
ader.lua)(using write cache: /usr/local/texlive/2014basic/texmf-var/luatex-cache
/generic)(using read cache: /usr/local/texlive/2014basic/texmf-var/luatex-cache/
generic /Users/sp/Library/texlive/2014basic/texmf-var/luatex-cache/generic)
luatexbase-attr: luatexbase.attributes["luaotfload@kernpair"] = 1
luatexbase-attr: luatexbase.attributes["luaotfload@ligacomp"] = 2
luatexbase-attr: luatexbase.attributes["luaotfload@markbase"] = 3
luatexbase-attr: luatexbase.attributes["luaotfload@markmark"] = 4
luatexbase-attr: luatexbase.attributes["luaotfload@markdone"] = 5
luatexbase-attr: luatexbase.attributes["luaotfload@cursbase"] = 6
luatexbase-attr: luatexbase.attributes["luaotfload@curscurs"] = 7
luatexbase-attr: luatexbase.attributes["luaotfload@cursdone"] = 8
luatexbase-attr: luatexbase.attributes["luaotfload@state"] = 9
luaotfload | main : fontloader loaded in 0.033 seconds
luatexbase-mcb: inserting 'luaotfload.node_processor'
at position 1 in 'pre_linebreak_filter'
luatexbase-mcb: inserting 'luaotfload.node_processor'
at position 1 in 'hpack_filter'
luatexbase-mcb: inserting 'luaotfload.find_vf_file'
at position 1 in 'find_vf_file'
(/usr/local/texlive/2014basic/texmf-dist/tex/luatex/luaotfload/luaotfload-overri
de.lua)
(/usr/local/texlive/2014basic/texmf-dist/tex/luatex/luaotfload/luaotfload-parser
s.lua)
(/usr/local/texlive/2014basic/texmf-dist/tex/luatex/luaotfload/luaotfload-config
uration.lua)
(/usr/local/texlive/2014basic/texmf-dist/tex/luatex/luaotfload/luaotfload-status
.lua)
luaotfload | conf : Root cache directory is /usr/local/texlive/2014basic/texmf-v
ar/luatex-cache/generic/names.
(/usr/local/texlive/2014basic/texmf-dist/tex/luatex/luaotfload/luaotfload-loader
s.lua)
(/usr/local/texlive/2014basic/texmf-dist/tex/luatex/luaotfload/luaotfload-databa
se.lua)
(/usr/local/texlive/2014basic/texmf-dist/tex/luatex/luaotfload/luaotfload-colors
.lua)
luaotfload | conf : Root cache directory is /usr/local/texlive/2014basic/texmf-v
ar/luatex-cache/generic/names.
luatexbase-mcb: creating 'luaotfload.resolve_font' type 4
luatexbase-mcb: creating 'luaotfload.patch_font' type 4
luatexbase-mcb: resetting callback 'define_font'
luatexbase-mcb: inserting 'luaotfload.define_font'
at position 1 in 'define_font'
(/usr/local/texlive/2014basic/texmf-dist/tex/luatex/luaotfload/luaotfload-featur
es.lua)
(/usr/local/texlive/2014basic/texmf-dist/tex/luatex/luaotfload/luaotfload-letter
space.lua)
(/usr/local/texlive/2014basic/texmf-dist/tex/luatex/luaotfload/luaotfload-auxili
ary.lua)
luatexbase-mcb: inserting 'luaotfload.aux.set_sscale_dimens'
at position 1 in 'luaotfload.patch_font'
luatexbase-mcb: inserting 'luaotfload.aux.patch_cambria_domh'
at position 2 in 'luaotfload.patch_font'
luatexbase-mcb: inserting 'luaotfload.aux.set_capheight'
at position 3 in 'luaotfload.patch_font'
luatexbase-mcb: inserting 'luaotfload.rewrite_fontname'
at position 4 in 'luaotfload.patch_font')
(/usr/local/texlive/2014basic/texmf-dist/tex/latex/fontspec/fontspec.lua)
Lua module: fontspec 2013/05/20 2.3c Advanced font selection for LuaLaTeX.
\l_fontspec_script_int=\count283
\l_fontspec_language_int=\count284
\l_fontspec_strnum_int=\count285
\l__fontspec_tmpa_dim=\dimen256
\l__fontspec_tmpb_dim=\dimen257
\l__fontspec_tmpc_dim=\dimen258
Variant \tl_gset:cV already defined; not changing it on line 71

(/usr/local/texlive/2014basic/texmf-dist/tex/latex/fontspec/fontspec-patches.st
y
Package: fontspec-patches 2014/06/21 v2.4a Font selection for XeLaTeX and LuaLaT
eX
LaTeX Info: Redefining \em on input line 38.
LaTeX Info: Redefining \emph on input line 46.
LaTeX Info: Redefining \- on input line 49.
.................................................
. LaTeX info: "xparse/redefine-command"
. 
. Redefining command \oldstylenums with sig. 'm' on line 144.
.................................................
.................................................
. LaTeX info: "xparse/define-command"
. 
. Defining command \liningnums with sig. 'm' on line 148.
.................................................
)
(/usr/local/texlive/2014basic/texmf-dist/tex/latex/fontspec/fontspec-luatex.sty
Package: fontspec-luatex 2014/06/21 v2.4a Font selection for XeLaTeX and LuaLaTe
X
(/usr/local/texlive/2014basic/texmf-dist/tex/latex/base/fontenc.sty
Package: fontenc 2005/09/27 v1.99g Standard LaTeX package

(/usr/local/texlive/2014basic/texmf-dist/tex/latex/euenc/eu2enc.def
File: eu2enc.def 2010/05/27 v0.1h Experimental Unicode font encodings
)
LaTeX Font Info:    Try loading font information for EU2+lmr on input line 100.

(/usr/local/texlive/2014basic/texmf-dist/tex/latex/euenc/eu2lmr.fd
File: eu2lmr.fd 2009/10/30 v1.6 Font defs for Latin Modern
)
luaotfload | db : Font names database loaded from /usr/local/texlive/2014basic/t
exmf-var/luatex-cache/generic/names/luaotfload-names.luc(load luc: /usr/local/te
xlive/2014basic/texmf-var/luatex-cache/generic/fonts/otf/lmroman10-regular.luc))

(/usr/local/texlive/2014basic/texmf-dist/tex/xelatex/xunicode/xunicode.sty
File: xunicode.sty 2011/09/09 v0.981 provides access to latin accents and many o
ther characters in Unicode lower plane

(/usr/local/texlive/2014basic/texmf-dist/tex/latex/tipa/t3enc.def
File: t3enc.def 2001/12/31 T3 encoding
(load luc: /usr/local/texlive/2014basic/texmf-var/luatex-cache/generic/fonts/otf
/lmromanslant10-regular.luc)(load luc: /usr/local/texlive/2014basic/texmf-var/lu
atex-cache/generic/fonts/otf/lmroman10-italic.luc)(load luc: /usr/local/texlive/
2014basic/texmf-var/luatex-cache/generic/fonts/otf/lmroman10-bold.luc)
LaTeX Font Info:    Try loading font information for EU2+lmss on input line 357.


(/usr/local/texlive/2014basic/texmf-dist/tex/latex/euenc/eu2lmss.fd
File: eu2lmss.fd 2009/10/30 v1.6 Font defs for Latin Modern
)(load luc: /usr/local/texlive/2014basic/texmf-var/luatex-cache/generic/fonts/ot
f/lmsans10-regular.luc))
\tipaTiiicode=\count286
\tipasavetokens=\toks14
\tipachecktokens=\toks15

(/usr/local/texlive/2014basic/texmf-dist/tex/latex/graphics/graphicx.sty
Package: graphicx 2014/04/25 v1.0g Enhanced LaTeX Graphics (DPC,SPQR)

(/usr/local/texlive/2014basic/texmf-dist/tex/latex/graphics/keyval.sty
Package: keyval 2014/05/08 v1.15 key=value parser (DPC)
\KV@toks@=\toks16
)
(/usr/local/texlive/2014basic/texmf-dist/tex/latex/graphics/graphics.sty
Package: graphics 2009/02/05 v1.0o Standard LaTeX Graphics (DPC,SPQR)

(/usr/local/texlive/2014basic/texmf-dist/tex/latex/graphics/trig.sty
Package: trig 1999/03/16 v1.09 sin cos tan (DPC)
)
(/usr/local/texlive/2014basic/texmf-dist/tex/latex/latexconfig/graphics.cfg
File: graphics.cfg 2010/04/23 v1.9 graphics configuration of TeX Live
)
Package graphics Info: Driver file: pdftex.def on input line 91.

(/usr/local/texlive/2014basic/texmf-dist/tex/latex/pdftex-def/pdftex.def
File: pdftex.def 2011/05/27 v0.06d Graphics/color for pdfTeX

(/usr/local/texlive/2014basic/texmf-dist/tex/generic/oberdiek/ltxcmds.sty
Package: ltxcmds 2011/11/09 v1.22 LaTeX kernel commands for general use (HO)
)
(/usr/local/texlive/2014basic/texmf-dist/tex/generic/oberdiek/pdftexcmds.sty
Package: pdftexcmds 2011/11/29 v0.20 Utility functions of pdfTeX for LuaTeX (HO)


(/usr/local/texlive/2014basic/texmf-dist/tex/generic/oberdiek/ifpdf.sty
Package: ifpdf 2011/01/30 v2.3 Provides the ifpdf switch (HO)
Package ifpdf Info: pdfTeX in PDF mode is detected.
)
Package pdftexcmds Info: \pdf@primitive is available.
Package pdftexcmds Info: \pdf@ifprimitive is available.
Package pdftexcmds Info: \pdfdraftmode found.

(/usr/local/texlive/2014basic/texmf-dist/scripts/oberdiek/pdftexcmds.lua)
\pdftexcmds@toks=\toks17
)
\Gread@gobject=\count287
))
\Gin@req@height=\dimen259
\Gin@req@width=\dimen260
))
.................................................
. LaTeX info: "xparse/define-command"
. 
. Defining command \fontspec with sig. 'O{}mO{}' on line 44.
.................................................
.................................................
. LaTeX info: "xparse/define-command"
. 
. Defining command \setmainfont with sig. 'O{}mO{}' on line 50.
.................................................
.................................................
. LaTeX info: "xparse/define-command"
. 
. Defining command \setsansfont with sig. 'O{}mO{}' on line 56.
.................................................
.................................................
. LaTeX info: "xparse/define-command"
. 
. Defining command \setmonofont with sig. 'O{}mO{}' on line 62.
.................................................
.................................................
. LaTeX info: "xparse/define-command"
. 
. Defining command \setmathrm with sig. 'O{}mO{}' on line 71.
.................................................
.................................................
. LaTeX info: "xparse/define-command"
. 
. Defining command \setboldmathrm with sig. 'O{}mO{}' on line 75.
.................................................
.................................................
. LaTeX info: "xparse/define-command"
. 
. Defining command \setmathsf with sig. 'O{}mO{}' on line 79.
.................................................
.................................................
. LaTeX info: "xparse/define-command"
. 
. Defining command \setmathtt with sig. 'O{}mO{}' on line 83.
.................................................
.................................................
. LaTeX info: "xparse/define-command"
. 
. Defining command \newfontfamily with sig. 'mO{}mO{}' on line 102.
.................................................
.................................................
. LaTeX info: "xparse/define-command"
. 
. Defining command \newfontface with sig. 'mO{}mO{}' on line 106.
.................................................
.................................................
. LaTeX info: "xparse/define-command"
. 
. Defining command \defaultfontfeatures with sig. 't+om' on line 115.
.................................................
.................................................
. LaTeX info: "xparse/define-command"
. 
. Defining command \addfontfeatures with sig. 'm' on line 173.
.................................................
.................................................
. LaTeX info: "xparse/define-command"
. 
. Defining command \newfontfeature with sig. 'mm' on line 184.
.................................................
.................................................
. LaTeX info: "xparse/define-command"
. 
. Defining command \newAATfeature with sig. 'mmmm' on line 192.
.................................................
.................................................
. LaTeX info: "xparse/define-command"
. 
. Defining command \newopentypefeature with sig. 'mmm' on line 200.
.................................................
.................................................
. LaTeX info: "xparse/define-command"
. 
. Defining command \aliasfontfeature with sig. 'mm' on line 229.
.................................................
.................................................
. LaTeX info: "xparse/define-command"
. 
. Defining command \aliasfontfeatureoption with sig. 'mmm' on line 231.
.................................................
.................................................
. LaTeX info: "xparse/define-command"
. 
. Defining command \newfontscript with sig. 'mm' on line 236.
.................................................
.................................................
. LaTeX info: "xparse/define-command"
. 
. Defining command \newfontlanguage with sig. 'mm' on line 262.
.................................................
.................................................
. LaTeX info: "xparse/define-command"
. 
. Defining command \DeclareFontsExtensions with sig. 'm' on line 282.
.................................................
Variant \prop_gput:cnV already defined; not changing it on line 666
Variant \prop_gput:cnx already defined; not changing it on line 667
\l__fontspec_tmp_int=\count288
LaTeX Info: Redefining \itshape on input line 2117.
LaTeX Info: Redefining \slshape on input line 2122.
LaTeX Info: Redefining \scshape on input line 2127.
LaTeX Info: Redefining \upshape on input line 2132.

(/usr/local/texlive/2014basic/texmf-dist/tex/latex/fontspec/fontspec.cfg)))
(/usr/local/texlive/2014basic/texmf-dist/tex/latex/geometry/geometry.sty
Package: geometry 2010/09/12 v5.6 Page Geometry

(/usr/local/texlive/2014basic/texmf-dist/tex/generic/oberdiek/ifvtex.sty
Package: ifvtex 2010/03/01 v1.5 Detect VTeX and its facilities (HO)
Package ifvtex Info: VTeX not detected.
)
(/usr/local/texlive/2014basic/texmf-dist/tex/generic/ifxetex/ifxetex.sty
Package: ifxetex 2010/09/12 v0.6 Provides ifxetex conditional
)
\Gm@cnth=\count289
\Gm@cntv=\count290
\c@Gm@tempcnt=\count291
\Gm@bindingoffset=\dimen261
\Gm@wd@mp=\dimen262
\Gm@odd@mp=\dimen263
\Gm@even@mp=\dimen264
\Gm@layoutwidth=\dimen265
\Gm@layoutheight=\dimen266
\Gm@layouthoffset=\dimen267
\Gm@layoutvoffset=\dimen268
\Gm@dimlist=\toks18
)
(/usr/local/texlive/2014basic/texmf-dist/tex/latex/xcolor/xcolor.sty
Package: xcolor 2007/01/21 v2.11 LaTeX color extensions (UK)

(/usr/local/texlive/2014basic/texmf-dist/tex/latex/latexconfig/color.cfg
File: color.cfg 2007/01/18 v1.5 color configuration of teTeX/TeXLive
)
Package xcolor Info: Package option `usenames' ignored on input line 216.
Package xcolor Info: Driver file: pdftex.def on input line 225.
Package xcolor Info: Model `cmy' substituted by `cmy0' on input line 1337.
Package xcolor Info: Model `hsb' substituted by `rgb' on input line 1341.
Package xcolor Info: Model `RGB' extended on input line 1353.
Package xcolor Info: Model `HTML' substituted by `rgb' on input line 1355.
Package xcolor Info: Model `Hsb' substituted by `hsb' on input line 1356.
Package xcolor Info: Model `tHsb' substituted by `hsb' on input line 1357.
Package xcolor Info: Model `HSB' substituted by `hsb' on input line 1358.
Package xcolor Info: Model `Gray' substituted by `gray' on input line 1359.
Package xcolor Info: Model `wave' substituted by `hsb' on input line 1360.

(/usr/local/texlive/2014basic/texmf-dist/tex/latex/graphics/dvipsnam.def
File: dvipsnam.def 2014/04/23 v3.0j Driver-dependant file (DPC,SPQR)
))
(/usr/local/texlive/2014basic/texmf-dist/tex/latex/xltxtra/xltxtra.sty
Package: xltxtra 2010/09/20 v0.5e Improvements for the "XeLaTeX" format


Package xltxtra Warning: 
 XLTXTRA IS TO BE USED ONLY UNDER XETEX. LOAD FONTSPEC DIRECTLY, INSTEAD.
 ABORTING LOADING.

)
\g__file_internal_ior=\read1
luaotfload | load : path lookup of "LinLibertine_R.otf" unsuccessful, falling ba
ck to file:(load luc: /usr/local/texlive/2014basic/texmf-var/luatex-cache/generi
c/fonts/otf/linlibertine-r.luc)
luaotfload | load : path lookup of "LinLibertine_R.otf" unsuccessful, falling ba
ck to file:
*************************************************
* fontspec warning: "no-mapping-ligtex"
* 
* Input mapping not (yet?) supported in LuaTeX.
* Use "Ligatures=TeX" instead of "Mapping=tex-text".
*************************************************
\g__fontspec_family_LinLibertine_R.otf_int=\count292
luaotfload | load : path lookup of "LinLibertine_R.otf" unsuccessful, falling ba
ck to file:
luaotfload | load : path lookup of "LinLibertine_R.otf" unsuccessful, falling ba
ck to file:
luaotfload | load : path lookup of "LinLibertine_RB.otf" unsuccessful, falling b
ack to file:(load luc: /usr/local/texlive/2014basic/texmf-var/luatex-cache/gener
ic/fonts/otf/linlibertine-rb.luc)
luaotfload | load : path lookup of "LinLibertine_RB.otf" unsuccessful, falling b
ack to file:
luaotfload | load : path lookup of "LinLibertine_RI.otf" unsuccessful, falling b
ack to file:(load luc: /usr/local/texlive/2014basic/texmf-var/luatex-cache/gener
ic/fonts/otf/linlibertine-ri.luc)
luaotfload | load : path lookup of "LinLibertine_RI.otf" unsuccessful, falling b
ack to file:
luaotfload | load : path lookup of "LinLibertine_RBI.otf" unsuccessful, falling 
back to file:(load luc: /usr/local/texlive/2014basic/texmf-var/luatex-cache/gene
ric/fonts/otf/linlibertine-rbi.luc)
luaotfload | load : path lookup of "LinLibertine_RBI.otf" unsuccessful, falling 
back to file:
.................................................
. fontspec info: "defining-font"
. 
. Font family 'LinLibertine_R.otf(0)' created for font 'LinLibertine_R.otf'
. with options
. [Mapping=tex-text,Ligatures=TeX,Ligatures={Common},Numbers={OldStyle},Variant=
01,BoldFont=LinLibertine_RB.otf,ItalicFont=LinLibertine_RI.otf,BoldItalicFont=Li
nLibertine_RBI.otf].
. 
. This font family consists of the following shapes:
. 
. * 'normal' with NFSS spec.:
. 
. <->"[LinLibertine_R.otf]:mode=node;script=latn;language=DFLT;+tlig;+trep;+tlig
;+trep;+liga;+onum;+ss01;"
. 
. * 'small caps' with NFSS spec.:
. 
. <->"[LinLibertine_R.otf]:mode=node;script=latn;language=DFLT;+tlig;+trep;+tlig
;+trep;+liga;+onum;+ss01;+smcp;"
. and font adjustment code:
. 
. 
. * 'bold' with NFSS spec.:
. 
. <->"[LinLibertine_RB.otf]:mode=node;script=latn;language=DFLT;+tlig;+trep;+tli
g;+trep;+liga;+onum;+ss01;"
. 
. * 'bold small caps' with NFSS spec.:
. 
. <->"[LinLibertine_RB.otf]:mode=node;script=latn;language=DFLT;+tlig;+trep;+tli
g;+trep;+liga;+onum;+ss01;+smcp;"
. and font adjustment code:
. 
. 
. * 'italic' with NFSS spec.:
. 
. <->"[LinLibertine_RI.otf]:mode=node;script=latn;language=DFLT;+tlig;+trep;+tli
g;+trep;+liga;+onum;+ss01;"
. 
. * 'small caps' with NFSS spec.:
. 
. <->"[LinLibertine_RI.otf]:mode=node;script=latn;language=DFLT;+tlig;+trep;+tli
g;+trep;+liga;+onum;+ss01;+smcp;"
. and font adjustment code:
. 
. 
. * 'bold italic' with NFSS spec.:
. 
. <->"[LinLibertine_RBI.otf]:mode=node;script=latn;language=DFLT;+tlig;+trep;+tl
ig;+trep;+liga;+onum;+ss01;"
. 
. * 'bold small caps' with NFSS spec.:
. 
. <->"[LinLibertine_RBI.otf]:mode=node;script=latn;language=DFLT;+tlig;+trep;+tl
ig;+trep;+liga;+onum;+ss01;+smcp;"
. and font adjustment code:
. 
.................................................
luaotfload | load : path lookup of "LinLibertine_R.otf" unsuccessful, falling ba
ck to file:
luaotfload | load : path lookup of "DejaVuSansMono.ttf" unsuccessful, falling ba
ck to file:(load luc: /usr/local/texlive/2014basic/texmf-var/luatex-cache/generi
c/fonts/otf/dejavusansmono.luc)
luaotfload | load : path lookup of "DejaVuSansMono.ttf" unsuccessful, falling ba
ck to file:
*************************************************
* fontspec warning: "no-mapping-ligtex"
* 
* Input mapping not (yet?) supported in LuaTeX.
* Use "Ligatures=TeX" instead of "Mapping=tex-text".
*************************************************
\g__fontspec_family_DejaVuSansMono.ttf_int=\count293
luaotfload | load : path lookup of "DejaVuSansMono.ttf" unsuccessful, falling ba
ck to file:
luaotfload | load : path lookup of "DejaVuSansMono.ttf" unsuccessful, falling ba
ck to file:
luaotfload | aux : font no 26 (DejaVuSansMono) does not define feature smcp for 
script latn with language dflt
luaotfload | aux : no font with id 26
.................................................
. fontspec info: "defining-font"
. 
. Font family 'DejaVuSansMono.ttf(0)' created for font 'DejaVuSansMono.ttf'
. with options
. [Mapping=tex-text,WordSpace={1,0,0},PunctuationSpace=WordSpace,Scale=0.8].
. 
. This font family consists of the following shapes:
. 
. * 'normal' with NFSS spec.:
. 
. <->s*[0.8]"[DejaVuSansMono.ttf]:mode=node;script=latn;language=DFLT;+tlig;+tre
p;"
. 
. * 'small caps' with NFSS spec.:
. 
. and font adjustment code:
. \fontdimen 2\font =1\fontdimen 2\font \fontdimen 3\font =0\fontdimen 3\font
. \fontdimen 4\font =0\fontdimen 4\font \fontdimen 7\font =0\fontdimen 2\font 
.................................................
(/usr/local/texlive/2014basic/texmf-dist/tex/latex/marginnote/marginnote.sty
Package: marginnote 2012/03/29 v1.1i non floating margin notes for LaTeX
\c@mn@abspage=\count294
)
(/usr/local/texlive/2014basic/texmf-dist/tex/latex/sectsty/sectsty.sty
Package: sectsty 2002/02/25 v2.0.2 Commands to change all sectional heading styl
es
)
(/usr/local/texlive/2014basic/texmf-dist/tex/generic/ulem/ulem.sty
\UL@box=\box256
\UL@hyphenbox=\box257
\UL@skip=\skip256
\UL@hook=\toks19
\UL@height=\dimen269
\UL@pe=\count295
\UL@pixel=\dimen270
\ULC@box=\box258
Package: ulem 2012/05/18
\ULdepth=\dimen271
)
(/usr/local/texlive/2014basic/texmf-dist/tex/latex/hyperref/hyperref.sty
Package: hyperref 2012/11/06 v6.83m Hypertext links for LaTeX

(/usr/local/texlive/2014basic/texmf-dist/tex/generic/oberdiek/hobsub-hyperref.s
ty
Package: hobsub-hyperref 2012/05/28 v1.13 Bundle oberdiek, subset hyperref (HO)

(/usr/local/texlive/2014basic/texmf-dist/tex/generic/oberdiek/hobsub-generic.st
y
Package: hobsub-generic 2012/05/28 v1.13 Bundle oberdiek, subset generic (HO)
Package: hobsub 2012/05/28 v1.13 Construct package bundles (HO)
Package hobsub Info: Skipping package `infwarerr' (already loaded).
Package hobsub Info: Skipping package `ltxcmds' (already loaded).
Package hobsub Info: Skipping package `ifluatex' (already loaded).
Package hobsub Info: Skipping package `ifvtex' (already loaded).
Package: intcalc 2007/09/27 v1.1 Expandable calculations with integers (HO)
Package hobsub Info: Skipping package `ifpdf' (already loaded).
Package: etexcmds 2011/02/16 v1.5 Avoid name clashes with e-TeX commands (HO)
Package: kvsetkeys 2012/04/25 v1.16 Key value parser (HO)
Package: kvdefinekeys 2011/04/07 v1.3 Define keys (HO)
Package hobsub Info: Skipping package `luatex-loader' (already loaded).
Package hobsub Info: Skipping package `pdftexcmds' (already loaded).
Package: pdfescape 2011/11/25 v1.13 Implements pdfTeX's escape features (HO)
Package: bigintcalc 2012/04/08 v1.3 Expandable calculations on big integers (HO)

Package: bitset 2011/01/30 v1.1 Handle bit-vector datatype (HO)
Package: uniquecounter 2011/01/30 v1.2 Provide unlimited unique counter (HO)
)
Package hobsub Info: Skipping package `hobsub' (already loaded).
Package: letltxmacro 2010/09/02 v1.4 Let assignment for LaTeX macros (HO)
Package: hopatch 2012/05/28 v1.2 Wrapper for package hooks (HO)
Package: xcolor-patch 2011/01/30 xcolor patch
Package: atveryend 2011/06/30 v1.8 Hooks at the very end of document (HO)
Package atveryend Info: \enddocument detected (standard20110627).
Package: atbegshi 2011/10/05 v1.16 At begin shipout hook (HO)
Package: refcount 2011/10/16 v3.4 Data extraction from label references (HO)
Package: hycolor 2011/01/30 v1.7 Color options for hyperref/bookmark (HO)
) (/usr/local/texlive/2014basic/texmf-dist/tex/latex/oberdiek/auxhook.sty
Package: auxhook 2011/03/04 v1.3 Hooks for auxiliary files (HO)
)
(/usr/local/texlive/2014basic/texmf-dist/tex/latex/oberdiek/kvoptions.sty
Package: kvoptions 2011/06/30 v3.11 Key value format for package options (HO)
)
\@linkdim=\dimen272
\Hy@linkcounter=\count296
\Hy@pagecounter=\count297

(/usr/local/texlive/2014basic/texmf-dist/tex/latex/hyperref/pd1enc.def
File: pd1enc.def 2012/11/06 v6.83m Hyperref: PDFDocEncoding definition (HO)
)
\Hy@SavedSpaceFactor=\count298

(/usr/local/texlive/2014basic/texmf-dist/tex/latex/latexconfig/hyperref.cfg
File: hyperref.cfg 2002/06/06 v1.2 hyperref configuration of TeXLive
)
Package hyperref Info: Option `bookmarks' set `true' on input line 4319.
Package hyperref Info: Option `colorlinks' set `true' on input line 4319.
Package hyperref Info: Option `breaklinks' set `true' on input line 4319.
Package hyperref Info: Hyper figures OFF on input line 4443.
Package hyperref Info: Link nesting OFF on input line 4448.
Package hyperref Info: Hyper index ON on input line 4451.
Package hyperref Info: Plain pages OFF on input line 4458.
Package hyperref Info: Backreferencing OFF on input line 4463.
Package hyperref Info: Implicit mode ON; LaTeX internals redefined.
Package hyperref Info: Bookmarks ON on input line 4688.
\c@Hy@tempcnt=\count299

(/usr/local/texlive/2014basic/texmf-dist/tex/latex/url/url.sty
\Urlmuskip=\muskip16
Package: url 2013/09/16  ver 3.4  Verb mode for urls, etc.
)
LaTeX Info: Redefining \url on input line 5041.
\XeTeXLinkMargin=\dimen273
\Fld@menulength=\count300
\Field@Width=\dimen274
\Fld@charsize=\dimen275
Package hyperref Info: Hyper figures OFF on input line 6295.
Package hyperref Info: Link nesting OFF on input line 6300.
Package hyperref Info: Hyper index ON on input line 6303.
Package hyperref Info: backreferencing OFF on input line 6310.
Package hyperref Info: Link coloring ON on input line 6313.
Package hyperref Info: Link coloring with OCG OFF on input line 6320.
Package hyperref Info: PDF/A mode OFF on input line 6325.
LaTeX Info: Redefining \ref on input line 6365.
LaTeX Info: Redefining \pageref on input line 6369.
\Hy@abspage=\count301
\c@Item=\count302
\c@Hfootnote=\count303
)

Package hyperref Message: Driver (autodetected): hpdftex.

(/usr/local/texlive/2014basic/texmf-dist/tex/latex/hyperref/hpdftex.def
File: hpdftex.def 2012/11/06 v6.83m Hyperref driver for pdfTeX
\Fld@listcount=\count304
\c@bookmark@seq@number=\count305

(/usr/local/texlive/2014basic/texmf-dist/tex/latex/oberdiek/rerunfilecheck.sty
Package: rerunfilecheck 2011/04/15 v1.7 Rerun checks for auxiliary files (HO)
Package uniquecounter Info: New unique counter `rerunfilecheck' on input line 28
2.
)
\Hy@SectionHShift=\skip257
) (./cv.aux)
LaTeX Font Info:    Checking defaults for OML/cmm/m/it on input line 71.
LaTeX Font Info:    ... okay on input line 71.
LaTeX Font Info:    Checking defaults for T1/cmr/m/n on input line 71.
LaTeX Font Info:    ... okay on input line 71.
LaTeX Font Info:    Checking defaults for OT1/cmr/m/n on input line 71.
LaTeX Font Info:    ... okay on input line 71.
LaTeX Font Info:    Checking defaults for OMS/cmsy/m/n on input line 71.
LaTeX Font Info:    ... okay on input line 71.
LaTeX Font Info:    Checking defaults for OMX/cmex/m/n on input line 71.
LaTeX Font Info:    ... okay on input line 71.
LaTeX Font Info:    Checking defaults for U/cmr/m/n on input line 71.
LaTeX Font Info:    ... okay on input line 71.
LaTeX Font Info:    Checking defaults for EU2/lmr/m/n on input line 71.
LaTeX Font Info:    ... okay on input line 71.
LaTeX Font Info:    Checking defaults for T3/cmr/m/n on input line 71.
LaTeX Font Info:    Try loading font information for T3+cmr on input line 71.
 (/usr/local/texlive/2014basic/texmf-dist/tex/latex/tipa/t3cmr.fd
File: t3cmr.fd 2001/12/31 TIPA font definitions
)
LaTeX Font Info:    ... okay on input line 71.
LaTeX Font Info:    Checking defaults for PD1/pdf/m/n on input line 71.
LaTeX Font Info:    ... okay on input line 71.

(/usr/local/texlive/2014basic/texmf-dist/tex/context/base/supp-pdf.mkii
[Loading MPS to PDF converter (version 2006.09.02).]
\scratchcounter=\count306
\scratchdimen=\dimen276
\scratchbox=\box259
\nofMPsegments=\count307
\nofMParguments=\count308
\everyMPshowfont=\toks20
\MPscratchCnt=\count309
\MPscratchDim=\dimen277
\MPnumerator=\count310
\makeMPintoPDFobject=\count311
\everyMPtoPDFconversion=\toks21
) (/usr/local/texlive/2014basic/texmf-dist/tex/latex/oberdiek/epstopdf-base.sty
Package: epstopdf-base 2010/02/09 v2.5 Base part for package epstopdf
(/usr/local/texlive/2014basic/texmf-dist/tex/latex/oberdiek/grfext.sty
Package: grfext 2010/08/19 v1.1 Manage graphics extensions (HO)
)
Package grfext Info: Graphics extension search list:
(grfext)             [.png,.pdf,.jpg,.mps,.jpeg,.jbig2,.jb2,.PNG,.PDF,.JPG,.JPEG
,.JBIG2,.JB2,.eps]
(grfext)             \AppendGraphicsExtensions on input line 452.

(/usr/local/texlive/2014basic/texmf-dist/tex/latex/latexconfig/epstopdf-sys.cfg
File: epstopdf-sys.cfg 2010/07/13 v1.3 Configuration of (r)epstopdf for TeX Live

))
.................................................
. fontspec info: "setup-math"
. 
. Adjusting the maths setup (use [no-math] to avoid this).
.................................................
\symlegacymaths=\mathgroup4
LaTeX Font Info:    Overwriting symbol font `legacymaths' in version `bold'
(Font)                  OT1/cmr/m/n --> OT1/cmr/bx/n on input line 71.
LaTeX Font Info:    Redeclaring math accent \acute on input line 71.
LaTeX Font Info:    Redeclaring math accent \grave on input line 71.
LaTeX Font Info:    Redeclaring math accent \ddot on input line 71.
LaTeX Font Info:    Redeclaring math accent \tilde on input line 71.
LaTeX Font Info:    Redeclaring math accent \bar on input line 71.
LaTeX Font Info:    Redeclaring math accent \breve on input line 71.
LaTeX Font Info:    Redeclaring math accent \check on input line 71.
LaTeX Font Info:    Redeclaring math accent \hat on input line 71.
LaTeX Font Info:    Redeclaring math accent \dot on input line 71.
LaTeX Font Info:    Redeclaring math accent \mathring on input line 71.
LaTeX Font Info:    Redeclaring math symbol \colon on input line 71.
LaTeX Font Info:    Redeclaring math symbol \Gamma on input line 71.
LaTeX Font Info:    Redeclaring math symbol \Delta on input line 71.
LaTeX Font Info:    Redeclaring math symbol \Theta on input line 71.
LaTeX Font Info:    Redeclaring math symbol \Lambda on input line 71.
LaTeX Font Info:    Redeclaring math symbol \Xi on input line 71.
LaTeX Font Info:    Redeclaring math symbol \Pi on input line 71.
LaTeX Font Info:    Redeclaring math symbol \Sigma on input line 71.
LaTeX Font Info:    Redeclaring math symbol \Upsilon on input line 71.
LaTeX Font Info:    Redeclaring math symbol \Phi on input line 71.
LaTeX Font Info:    Redeclaring math symbol \Psi on input line 71.
LaTeX Font Info:    Redeclaring math symbol \Omega on input line 71.
LaTeX Font Info:    Redeclaring math symbol \mathdollar on input line 71.
LaTeX Font Info:    Redeclaring symbol font `operators' on input line 71.
LaTeX Font Info:    Encoding `OT1' has changed to `EU2' for symbol font
(Font)              `operators' in the math version `normal' on input line 71.
LaTeX Font Info:    Overwriting symbol font `operators' in version `normal'
(Font)                  OT1/cmr/m/n --> EU2/LinLibertine_R.otf(0)/m/n on input l
ine 71.
LaTeX Font Info:    Encoding `OT1' has changed to `EU2' for symbol font
(Font)              `operators' in the math version `bold' on input line 71.
LaTeX Font Info:    Overwriting symbol font `operators' in version `bold'
(Font)                  OT1/cmr/bx/n --> EU2/LinLibertine_R.otf(0)/m/n on input 
line 71.
LaTeX Font Info:    Overwriting symbol font `operators' in version `normal'
(Font)                  EU2/LinLibertine_R.otf(0)/m/n --> EU2/LinLibertine_R.otf
(0)/m/n on input line 71.
LaTeX Font Info:    Overwriting math alphabet `\mathit' in version `normal'
(Font)                  OT1/cmr/m/it --> EU2/LinLibertine_R.otf(0)/m/it on input
 line 71.
LaTeX Font Info:    Overwriting math alphabet `\mathbf' in version `normal'
(Font)                  OT1/cmr/bx/n --> EU2/LinLibertine_R.otf(0)/bx/n on input
 line 71.
LaTeX Font Info:    Overwriting math alphabet `\mathsf' in version `normal'
(Font)                  OT1/cmss/m/n --> EU2/lmss/m/n on input line 71.
LaTeX Font Info:    Overwriting math alphabet `\mathtt' in version `normal'
(Font)                  OT1/cmtt/m/n --> EU2/DejaVuSansMono.ttf(0)/m/n on input 
line 71.
LaTeX Font Info:    Overwriting symbol font `operators' in version `bold'
(Font)                  EU2/LinLibertine_R.otf(0)/m/n --> EU2/LinLibertine_R.otf
(0)/bx/n on input line 71.
LaTeX Font Info:    Overwriting math alphabet `\mathit' in version `bold'
(Font)                  OT1/cmr/bx/it --> EU2/LinLibertine_R.otf(0)/bx/it on inp
ut line 71.
LaTeX Font Info:    Overwriting math alphabet `\mathsf' in version `bold'
(Font)                  OT1/cmss/bx/n --> EU2/lmss/bx/n on input line 71.
LaTeX Font Info:    Overwriting math alphabet `\mathtt' in version `bold'
(Font)                  OT1/cmtt/m/n --> EU2/DejaVuSansMono.ttf(0)/bx/n on input
 line 71.

*geometry* driver: auto-detecting
*geometry* detected driver: pdftex
*geometry* verbose mode - [ preamble ] result:
* driver: pdftex
* paper: a4paper
* layout: <same size as paper>
* layoutoffset:(h,v)=(0.0pt,0.0pt)
* modes: 
* h-part:(L,W,R)=(100.01144pt, 397.48499pt, 100.01144pt)
* v-part:(T,H,B)=(92.30072pt, 614.295pt, 138.45113pt)
* \paperwidth=597.50787pt
* \paperheight=845.04684pt
* \textwidth=397.48499pt
* \textheight=614.295pt
* \oddsidemargin=27.74146pt
* \evensidemargin=27.74146pt
* \topmargin=-16.96927pt
* \headheight=12.0pt
* \headsep=25.0pt
* \topskip=10.0pt
* \footskip=30.0pt
* \marginparwidth=43.36243pt
* \marginparsep=7.0pt
* \columnsep=10.0pt
* \skip\footins=9.0pt plus 4.0pt minus 2.0pt
* \hoffset=0.0pt
* \voffset=0.0pt
* \mag=1000
* \@twocolumnfalse
* \@twosidefalse
* \@mparswitchfalse
* \@reversemargintrue
* (1in=72.27pt=25.4mm, 1cm=28.453pt)

Package marginnote Info: \pdfoutput not 0 and \pdflastxpos available.
(marginnote)             Extended position detection mode activated.
\AtBeginShipoutBox=\box260
Package hyperref Info: Link coloring ON on input line 71.
(/usr/local/texlive/2014basic/texmf-dist/tex/latex/hyperref/nameref.sty
Package: nameref 2012/10/27 v2.43 Cross-referencing by name of section

(/usr/local/texlive/2014basic/texmf-dist/tex/generic/oberdiek/gettitlestring.st
y
Package: gettitlestring 2010/12/03 v1.4 Cleanup title references (HO)
)
\c@section@level=\count312
)
LaTeX Info: Redefining \ref on input line 71.
LaTeX Info: Redefining \pageref on input line 71.
LaTeX Info: Redefining \nameref on input line 71.
 (./cv.out) (./cv.out)
\@outlinefile=\write3
luaotfload | load : path lookup of "LinLibertine_R.otf" unsuccessful, falling ba
ck to file:
Underfull \hbox (badness 10000) in paragraph at lines 72--82

 []

luaotfload | load : path lookup of "LinLibertine_R.otf" unsuccessful, falling ba
ck to file:
luaotfload | load : path lookup of "LinLibertine_RB.otf" unsuccessful, falling b
ack to file:
Package marginnote Info: Margin note 1.1 is on absolute page 1
(marginnote)              on input line 94.
Package marginnote Info: right page because not two side mode on input line 94.
luaotfload | load : path lookup of "LinLibertine_R.otf" unsuccessful, falling ba
ck to file:
Package marginnote Info: xpos seems to be 100.01144pt,
(marginnote)             \marginnoteleftadjust ignored on input line 94.
Package marginnote Info: Margin note 1.2 is on absolute page 1
(marginnote)              on input line 95.
Package marginnote Info: right page because not two side mode on input line 95.
Package marginnote Info: xpos seems to be 100.01144pt,
(marginnote)             \marginnoteleftadjust ignored on input line 95.
Package marginnote Info: Margin note 1.3 is on absolute page 1
(marginnote)              on input line 96.
Package marginnote Info: right page because not two side mode on input line 96.
Package marginnote Info: xpos seems to be 100.01144pt,
(marginnote)             \marginnoteleftadjust ignored on input line 96.
Package marginnote Info: Margin note 1.4 is on absolute page 1
(marginnote)              on input line 97.
Package marginnote Info: right page because not two side mode on input line 97.
Package marginnote Info: xpos seems to be 100.01144pt,
(marginnote)             \marginnoteleftadjust ignored on input line 97.
Package marginnote Info: Margin note 1.5 is on absolute page 1
(marginnote)              on input line 98.
Package marginnote Info: right page because not two side mode on input line 98.
Package marginnote Info: xpos seems to be 100.01144pt,
(marginnote)             \marginnoteleftadjust ignored on input line 98.
Package marginnote Info: Margin note 1.6 is on absolute page 1
(marginnote)              on input line 103.
Package marginnote Info: right page because not two side mode on input line 103.

Package marginnote Info: xpos seems to be 100.01144pt,
(marginnote)             \marginnoteleftadjust ignored on input line 103.
luaotfload | load : path lookup of "LinLibertine_R.otf" unsuccessful, falling ba
ck to file:
Package marginnote Info: Margin note 1.7 is on absolute page 1
(marginnote)              on input line 104.
Package marginnote Info: right page because not two side mode on input line 104.

Package marginnote Info: xpos seems to be 100.01144pt,
(marginnote)             \marginnoteleftadjust ignored on input line 104.
Package marginnote Info: Margin note 1.8 is on absolute page 1
(marginnote)              on input line 105.
Package marginnote Info: right page because not two side mode on input line 105.

Package marginnote Info: xpos seems to be 100.01144pt,
(marginnote)             \marginnoteleftadjust ignored on input line 105.
luaotfload | load : path lookup of "LinLibertine_R.otf" unsuccessful, falling ba
ck to file:
luaotfload | load : path lookup of "LinLibertine_RB.otf" unsuccessful, falling b
ack to file:
luaotfload | load : path lookup of "LinLibertine_R.otf" unsuccessful, falling ba
ck to file:
Package marginnote Info: Margin note 1.9 is on absolute page 1
(marginnote)              on input line 116.
Package marginnote Info: right page because not two side mode on input line 116.

Package marginnote Info: xpos seems to be 100.01144pt,
(marginnote)             \marginnoteleftadjust ignored on input line 116.
Package marginnote Info: Margin note 1.10 is on absolute page 1
(marginnote)              on input line 118.
Package marginnote Info: right page because not two side mode on input line 118.

Package marginnote Info: xpos seems to be 100.01144pt,
(marginnote)             \marginnoteleftadjust ignored on input line 118.
Package marginnote Info: Margin note 1.11 is on absolute page 1
(marginnote)              on input line 119.
Package marginnote Info: right page because not two side mode on input line 119.

Package marginnote Info: xpos seems to be 100.01144pt,
(marginnote)             \marginnoteleftadjust ignored on input line 119.
Package marginnote Info: Margin note 1.12 is on absolute page 1
(marginnote)              on input line 120.
Package marginnote Info: right page because not two side mode on input line 120.

Package marginnote Info: xpos seems to be 100.01144pt,
(marginnote)             \marginnoteleftadjust ignored on input line 120.
Package marginnote Info: Margin note 1.13 is on absolute page 1
(marginnote)              on input line 121.
Package marginnote Info: right page because not two side mode on input line 121.

Package marginnote Info: xpos seems to be 100.01144pt,
(marginnote)             \marginnoteleftadjust ignored on input line 121.
Package marginnote Info: Margin note 1.14 is on absolute page 1
(marginnote)              on input line 125.
Package marginnote Info: right page because not two side mode on input line 125.

Package marginnote Info: xpos seems to be 100.01144pt,
(marginnote)             \marginnoteleftadjust ignored on input line 125.
Package marginnote Info: Margin note 1.15 is on absolute page 1
(marginnote)              on input line 126.
Package marginnote Info: right page because not two side mode on input line 126.

Package marginnote Info: xpos seems to be 100.01144pt,
(marginnote)             \marginnoteleftadjust ignored on input line 126.
Package marginnote Info: Margin note 1.16 is on absolute page 1
(marginnote)              on input line 127.
Package marginnote Info: right page because not two side mode on input line 127.

Package marginnote Info: xpos seems to be 100.01144pt,
(marginnote)             \marginnoteleftadjust ignored on input line 127.
Package marginnote Info: Margin note 1.17 is on absolute page 2
(marginnote)              on input line 128.
Package marginnote Info: right page because not two side mode on input line 128.

Package marginnote Info: xpos seems to be 100.01144pt,
(marginnote)             \marginnoteleftadjust ignored on input line 128.
Package marginnote Info: Margin note 1.18 is on absolute page 2
(marginnote)              on input line 129.
Package marginnote Info: right page because not two side mode on input line 129.

Package marginnote Info: xpos seems to be 100.01144pt,
(marginnote)             \marginnoteleftadjust ignored on input line 129.
Package marginnote Info: Margin note 1.19 is on absolute page 2
(marginnote)              on input line 130.
Package marginnote Info: right page because not two side mode on input line 130.

Package marginnote Info: xpos seems to be 100.01144pt,
(marginnote)             \marginnoteleftadjust ignored on input line 130.

Overfull \hbox (12.0132pt too wide) in paragraph at lines 124--131
|[]\EU2/LinLibertine_R.otf(0)/m/n/10 Reimers, N., Jan-ni-dis, F., Pernes, S., P
iel-ström, S., Reger, I., Vitt, T. (). A Tool for NLP-Preprocessin
g
 []

[1

{/usr/local/texlive/2014basic/texmf-var/fonts/map/pdftex/updmap/pdftex.map}]
Package marginnote Info: Margin note 2.1 is on absolute page 2
(marginnote)              on input line 134.
Package marginnote Info: right page because not two side mode on input line 134.

Package marginnote Info: xpos seems to be 100.01144pt,
(marginnote)             \marginnoteleftadjust ignored on input line 134.
Package marginnote Info: Margin note 2.2 is on absolute page 2
(marginnote)              on input line 138.
Package marginnote Info: right page because not two side mode on input line 138.

Package marginnote Info: xpos seems to be 100.01144pt,
(marginnote)             \marginnoteleftadjust ignored on input line 138.
Package marginnote Info: Margin note 2.3 is on absolute page 2
(marginnote)              on input line 142.
Package marginnote Info: right page because not two side mode on input line 142.

Package marginnote Info: xpos seems to be 100.01144pt,
(marginnote)             \marginnoteleftadjust ignored on input line 142.
Package marginnote Info: Margin note 2.4 is on absolute page 2
(marginnote)              on input line 143.
Package marginnote Info: right page because not two side mode on input line 143.

Package marginnote Info: xpos seems to be 100.01144pt,
(marginnote)             \marginnoteleftadjust ignored on input line 143.
Package marginnote Info: Margin note 2.5 is on absolute page 2
(marginnote)              on input line 144.
Package marginnote Info: right page because not two side mode on input line 144.

Package marginnote Info: xpos seems to be 100.01144pt,
(marginnote)             \marginnoteleftadjust ignored on input line 144.
Package marginnote Info: Margin note 2.6 is on absolute page 2
(marginnote)              on input line 145.
Package marginnote Info: right page because not two side mode on input line 145.

Package marginnote Info: xpos seems to be 100.01144pt,
(marginnote)             \marginnoteleftadjust ignored on input line 145.
Package marginnote Info: Margin note 2.7 is on absolute page 2
(marginnote)              on input line 146.
Package marginnote Info: right page because not two side mode on input line 146.

Package marginnote Info: xpos seems to be 100.01144pt,
(marginnote)             \marginnoteleftadjust ignored on input line 146.
Package marginnote Info: Margin note 2.8 is on absolute page 2
(marginnote)              on input line 147.
Package marginnote Info: right page because not two side mode on input line 147.

Package marginnote Info: xpos seems to be 100.01144pt,
(marginnote)             \marginnoteleftadjust ignored on input line 147.
Package marginnote Info: Margin note 2.9 is on absolute page 2
(marginnote)              on input line 148.
Package marginnote Info: right page because not two side mode on input line 148.

Package marginnote Info: xpos seems to be 100.01144pt,
(marginnote)             \marginnoteleftadjust ignored on input line 148.
Package marginnote Info: Margin note 2.10 is on absolute page 2
(marginnote)              on input line 149.
Package marginnote Info: right page because not two side mode on input line 149.

Package marginnote Info: xpos seems to be 100.01144pt,
(marginnote)             \marginnoteleftadjust ignored on input line 149.
Package marginnote Info: Margin note 2.11 is on absolute page 2
(marginnote)              on input line 150.
Package marginnote Info: right page because not two side mode on input line 150.

Package marginnote Info: xpos seems to be 100.01144pt,
(marginnote)             \marginnoteleftadjust ignored on input line 150.
Package marginnote Info: Margin note 2.12 is on absolute page 2
(marginnote)              on input line 151.
Package marginnote Info: right page because not two side mode on input line 151.

Package marginnote Info: xpos seems to be 100.01144pt,
(marginnote)             \marginnoteleftadjust ignored on input line 151.
Package marginnote Info: Margin note 2.13 is on absolute page 2
(marginnote)              on input line 152.
Package marginnote Info: right page because not two side mode on input line 152.

Package marginnote Info: xpos seems to be 100.01144pt,
(marginnote)             \marginnoteleftadjust ignored on input line 152.
Package marginnote Info: Margin note 2.14 is on absolute page 2
(marginnote)              on input line 153.
Package marginnote Info: right page because not two side mode on input line 153.

Package marginnote Info: xpos seems to be 100.01144pt,
(marginnote)             \marginnoteleftadjust ignored on input line 153.
Package marginnote Info: Margin note 2.15 is on absolute page 3
(marginnote)              on input line 154.
Package marginnote Info: right page because not two side mode on input line 154.

Package marginnote Info: xpos seems to be 100.01144pt,
(marginnote)             \marginnoteleftadjust ignored on input line 154.
Package marginnote Info: Margin note 2.16 is on absolute page 3
(marginnote)              on input line 155.
Package marginnote Info: right page because not two side mode on input line 155.

Package marginnote Info: xpos seems to be 100.01144pt,
(marginnote)             \marginnoteleftadjust ignored on input line 155.
Package marginnote Info: Margin note 2.17 is on absolute page 3
(marginnote)              on input line 156.
Package marginnote Info: right page because not two side mode on input line 156.

Package marginnote Info: xpos seems to be 100.01144pt,
(marginnote)             \marginnoteleftadjust ignored on input line 156.
Package marginnote Info: Margin note 2.18 is on absolute page 3
(marginnote)              on input line 157.
Package marginnote Info: right page because not two side mode on input line 157.

Package marginnote Info: xpos seems to be 100.01144pt,
(marginnote)             \marginnoteleftadjust ignored on input line 157.

Overfull \hbox (27.89653pt too wide) in paragraph at lines 142--158
|[]\EU2/LinLibertine_R.otf(0)/m/n/10 A Tool for NLP-Preprocessing in Lit-er-ary
 Text Anal-y-sis. DHd , Dig-i-tal Hu-man-i-ties im deutschsprachi-
 []

[2]
Package marginnote Info: Margin note 3.1 is on absolute page 3
(marginnote)              on input line 161.
Package marginnote Info: right page because not two side mode on input line 161.

Package marginnote Info: xpos seems to be 100.01144pt,
(marginnote)             \marginnoteleftadjust ignored on input line 161.
Package marginnote Info: Margin note 3.2 is on absolute page 3
(marginnote)              on input line 164.
Package marginnote Info: right page because not two side mode on input line 164.

Package marginnote Info: xpos seems to be 100.01144pt,
(marginnote)             \marginnoteleftadjust ignored on input line 164.
Package marginnote Info: Margin note 3.3 is on absolute page 3
(marginnote)              on input line 165.
Package marginnote Info: right page because not two side mode on input line 165.

Package marginnote Info: xpos seems to be 100.01144pt,
(marginnote)             \marginnoteleftadjust ignored on input line 165.
Package marginnote Info: Margin note 3.4 is on absolute page 3
(marginnote)              on input line 167.
Package marginnote Info: right page because not two side mode on input line 167.

Package marginnote Info: xpos seems to be 100.01144pt,
(marginnote)             \marginnoteleftadjust ignored on input line 167.
Package marginnote Info: Margin note 3.5 is on absolute page 3
(marginnote)              on input line 170.
Package marginnote Info: right page because not two side mode on input line 170.

Package marginnote Info: xpos seems to be 100.01144pt,
(marginnote)             \marginnoteleftadjust ignored on input line 170.
Package marginnote Info: Margin note 3.6 is on absolute page 3
(marginnote)              on input line 171.
Package marginnote Info: right page because not two side mode on input line 171.

Package marginnote Info: xpos seems to be 100.01144pt,
(marginnote)             \marginnoteleftadjust ignored on input line 171.
Package atveryend Info: Empty hook `BeforeClearDocument' on input line 188.
 [3]
Package atveryend Info: Empty hook `AfterLastShipout' on input line 188.
 (./cv.aux)
Package atveryend Info: Executing hook `AtVeryEndDocument' on input line 188.
Package atveryend Info: Executing hook `AtEndAfterFileList' on input line 188.
Package rerunfilecheck Info: File `cv.out' has not changed.
(rerunfilecheck)             Checksum: D41D8CD98F00B204E9800998ECF8427E;0.
Package atveryend Info: Empty hook `AtVeryVeryEnd' on input line 188.
)

Here is how much of LuaTeX's memory you used:
 19409 strings out of 494772
 100000,460012 words of node,token memory allocated
 320 words of node memory still in use:
   3 hlist, 1 vlist, 1 rule, 2 glue, 1 kern, 4 attribute, 43 glue_spec, 4 attrib
ute_list, 1 write nodes
   avail lists: 2:12148,3:170,4:1080,5:440,6:3907,7:85,8:10,9:262,10:373
 22545 multiletter control sequences out of 65536+600000
 35 fonts using 6744063 bytes
 55i,9n,65p,435b,322s stack positions out of 5000i,500n,10000p,200000b,100000s
</usr/local/texlive/2014basic/texmf-dist/fonts/opentype/public/libertine/LinLibe
rtine_R.otf>
Output written on cv.pdf (3 pages, 25361 bytes).

PDF statistics: 47 PDF objects out of 1000 (max. 8388607)
 38 compressed objects within 1 object stream
 15 named destinations out of 1000 (max. 131072)
 1 words of extra memory for PDF output out of 10000 (max. 10000000)

